

Started GET "/" for 109.188.125.198 at 2014-10-13 11:57:00 -0400
Processing by Rails::WelcomeController#index as HTML
  Rendered /var/lib/gems/1.9.1/gems/railties-4.1.6/lib/rails/templates/rails/welcome/index.html.erb (5.0ms)
Completed 200 OK in 86ms (Views: 69.3ms | ActiveRecord: 0.0ms)
Mysql2::Error: Table 'air.airlines' doesn't exist: SHOW FULL FIELDS FROM `airlines`
Mysql2::Error: Table 'air.airlines' doesn't exist: SHOW FULL FIELDS FROM `airlines`
Mysql2::Error: Table 'air.airlines' doesn't exist: SHOW FULL FIELDS FROM `airlines`
  [1m[36mAirline Load (3.2ms)[0m  [1mSELECT  `airlines`.* FROM `airlines`  WHERE `airlines`.`lid` = 1 LIMIT 1[0m
Mysql2::Error: Table 'air.airlines' doesn't exist: SHOW FULL FIELDS FROM `airlines`
Mysql2::Error: Table 'air.airlines' doesn't exist: SHOW FULL FIELDS FROM `airlines`
Mysql2::Error: Table 'air.airlines' doesn't exist: SHOW FULL FIELDS FROM `airlines`
  [1m[36mAirline Load (1.0ms)[0m  [1mSELECT  `airlines`.* FROM `airlines`  WHERE `airlines`.`lid` = 1 LIMIT 1[0m


Started GET "/" for 109.188.125.198 at 2014-10-13 12:21:51 -0400

ActionController::RoutingError (uninitialized constant WelcomeController):
  activesupport (4.1.6) lib/active_support/inflector/methods.rb:238:in `const_get'
  activesupport (4.1.6) lib/active_support/inflector/methods.rb:238:in `block in constantize'
  activesupport (4.1.6) lib/active_support/inflector/methods.rb:236:in `each'
  activesupport (4.1.6) lib/active_support/inflector/methods.rb:236:in `inject'
  activesupport (4.1.6) lib/active_support/inflector/methods.rb:236:in `constantize'
  actionpack (4.1.6) lib/action_dispatch/routing/route_set.rb:78:in `controller_reference'
  actionpack (4.1.6) lib/action_dispatch/routing/route_set.rb:68:in `controller'
  actionpack (4.1.6) lib/action_dispatch/routing/route_set.rb:46:in `call'
  actionpack (4.1.6) lib/action_dispatch/journey/router.rb:73:in `block in call'
  actionpack (4.1.6) lib/action_dispatch/journey/router.rb:59:in `each'
  actionpack (4.1.6) lib/action_dispatch/journey/router.rb:59:in `call'
  actionpack (4.1.6) lib/action_dispatch/routing/route_set.rb:678:in `call'
  rack (1.5.2) lib/rack/etag.rb:23:in `call'
  rack (1.5.2) lib/rack/conditionalget.rb:25:in `call'
  rack (1.5.2) lib/rack/head.rb:11:in `call'
  actionpack (4.1.6) lib/action_dispatch/middleware/params_parser.rb:27:in `call'
  actionpack (4.1.6) lib/action_dispatch/middleware/flash.rb:254:in `call'
  rack (1.5.2) lib/rack/session/abstract/id.rb:225:in `context'
  rack (1.5.2) lib/rack/session/abstract/id.rb:220:in `call'
  actionpack (4.1.6) lib/action_dispatch/middleware/cookies.rb:560:in `call'
  activerecord (4.1.6) lib/active_record/query_cache.rb:36:in `call'
  activerecord (4.1.6) lib/active_record/connection_adapters/abstract/connection_pool.rb:621:in `call'
  activerecord (4.1.6) lib/active_record/migration.rb:380:in `call'
  actionpack (4.1.6) lib/action_dispatch/middleware/callbacks.rb:29:in `block in call'
  activesupport (4.1.6) lib/active_support/callbacks.rb:82:in `run_callbacks'
  actionpack (4.1.6) lib/action_dispatch/middleware/callbacks.rb:27:in `call'
  actionpack (4.1.6) lib/action_dispatch/middleware/reloader.rb:73:in `call'
  actionpack (4.1.6) lib/action_dispatch/middleware/remote_ip.rb:76:in `call'
  actionpack (4.1.6) lib/action_dispatch/middleware/debug_exceptions.rb:17:in `call'
  actionpack (4.1.6) lib/action_dispatch/middleware/show_exceptions.rb:30:in `call'
  railties (4.1.6) lib/rails/rack/logger.rb:38:in `call_app'
  railties (4.1.6) lib/rails/rack/logger.rb:20:in `block in call'
  activesupport (4.1.6) lib/active_support/tagged_logging.rb:68:in `block in tagged'
  activesupport (4.1.6) lib/active_support/tagged_logging.rb:26:in `tagged'
  activesupport (4.1.6) lib/active_support/tagged_logging.rb:68:in `tagged'
  railties (4.1.6) lib/rails/rack/logger.rb:20:in `call'
  actionpack (4.1.6) lib/action_dispatch/middleware/request_id.rb:21:in `call'
  rack (1.5.2) lib/rack/methodoverride.rb:21:in `call'
  rack (1.5.2) lib/rack/runtime.rb:17:in `call'
  activesupport (4.1.6) lib/active_support/cache/strategy/local_cache_middleware.rb:26:in `call'
  rack (1.5.2) lib/rack/lock.rb:17:in `call'
  actionpack (4.1.6) lib/action_dispatch/middleware/static.rb:64:in `call'
  rack (1.5.2) lib/rack/sendfile.rb:112:in `call'
  railties (4.1.6) lib/rails/engine.rb:514:in `call'
  railties (4.1.6) lib/rails/application.rb:144:in `call'
  rack (1.5.2) lib/rack/lock.rb:17:in `call'
  rack (1.5.2) lib/rack/content_length.rb:14:in `call'
  rack (1.5.2) lib/rack/handler/webrick.rb:60:in `service'
  /usr/lib/ruby/1.9.1/webrick/httpserver.rb:138:in `service'
  /usr/lib/ruby/1.9.1/webrick/httpserver.rb:94:in `run'
  /usr/lib/ruby/1.9.1/webrick/server.rb:191:in `block in start_thread'


  Rendered /var/lib/gems/1.9.1/gems/actionpack-4.1.6/lib/action_dispatch/middleware/templates/rescues/_trace.html.erb (3.1ms)
  Rendered /var/lib/gems/1.9.1/gems/actionpack-4.1.6/lib/action_dispatch/middleware/templates/routes/_route.html.erb (8.7ms)
  Rendered /var/lib/gems/1.9.1/gems/actionpack-4.1.6/lib/action_dispatch/middleware/templates/routes/_table.html.erb (148.0ms)
  Rendered /var/lib/gems/1.9.1/gems/actionpack-4.1.6/lib/action_dispatch/middleware/templates/rescues/routing_error.html.erb within rescues/layout (242.6ms)


Started GET "/" for 109.188.125.198 at 2014-10-13 12:22:28 -0400
Processing by RoutesController#index as HTML
  [1m[36mRoute Load (143.1ms)[0m  [1mSELECT `routes`.* FROM `routes`[0m


Started GET "/" for 109.188.125.198 at 2014-10-13 12:28:30 -0400
Processing by AirlinesController#index as HTML
  [1m[36mAirline Load (12.2ms)[0m  [1mSELECT `airlines`.* FROM `airlines`[0m
  Rendered airlines/index.html.erb within layouts/application (3624.0ms)
Completed 200 OK in 4842ms (Views: 4724.6ms | ActiveRecord: 14.5ms)


Started GET "/assets/airlines.css?body=1" for 109.188.125.198 at 2014-10-13 12:28:35 -0400


Started GET "/assets/airports.css?body=1" for 109.188.125.198 at 2014-10-13 12:28:35 -0400


Started GET "/assets/routes.css?body=1" for 109.188.125.198 at 2014-10-13 12:28:35 -0400


Started GET "/assets/scaffolds.css?body=1" for 109.188.125.198 at 2014-10-13 12:28:35 -0400


Started GET "/assets/jquery.js?body=1" for 109.188.125.198 at 2014-10-13 12:28:35 -0400


Started GET "/assets/application.css?body=1" for 109.188.125.198 at 2014-10-13 12:28:36 -0400


Started GET "/assets/jquery_ujs.js?body=1" for 109.188.125.198 at 2014-10-13 12:28:36 -0400


Started GET "/assets/turbolinks.js?body=1" for 109.188.125.198 at 2014-10-13 12:28:36 -0400


Started GET "/assets/airlines.js?body=1" for 109.188.125.198 at 2014-10-13 12:28:36 -0400


Started GET "/assets/airports.js?body=1" for 109.188.125.198 at 2014-10-13 12:28:36 -0400


Started GET "/assets/routes.js?body=1" for 109.188.125.198 at 2014-10-13 12:28:36 -0400


Started GET "/assets/application.js?body=1" for 109.188.125.198 at 2014-10-13 12:28:36 -0400


Started GET "/airlines/161" for 109.188.125.198 at 2014-10-13 12:28:46 -0400
Processing by AirlinesController#show as HTML
  Parameters: {"id"=>"161"}
  [1m[35mAirline Load (2.8ms)[0m  SELECT  `airlines`.* FROM `airlines`  WHERE `airlines`.`lid` = 161 LIMIT 1
  Rendered airlines/show.html.erb within layouts/application (3.1ms)
Completed 200 OK in 150ms (Views: 140.7ms | ActiveRecord: 2.8ms)
  [1m[36mAirline Load (1.3ms)[0m  [1mSELECT  `airlines`.* FROM `airlines`  WHERE `airlines`.`lid` = 1 LIMIT 1[0m


Started GET "/" for 109.188.125.198 at 2014-10-13 12:35:40 -0400
Processing by AirlinesController#index as HTML
  [1m[36mAirline Load (6.7ms)[0m  [1mSELECT `airlines`.* FROM `airlines`[0m
  Rendered airlines/index.html.erb within layouts/application (4513.2ms)
Completed 200 OK in 4956ms (Views: 4880.9ms | ActiveRecord: 11.5ms)


Started GET "/assets/airlines.css?body=1" for 109.188.125.198 at 2014-10-13 12:35:45 -0400


Started GET "/assets/airports.css?body=1" for 109.188.125.198 at 2014-10-13 12:35:45 -0400


Started GET "/assets/routes.css?body=1" for 109.188.125.198 at 2014-10-13 12:35:46 -0400


Started GET "/assets/scaffolds.css?body=1" for 109.188.125.198 at 2014-10-13 12:35:46 -0400


Started GET "/assets/application.css?body=1" for 109.188.125.198 at 2014-10-13 12:35:46 -0400


Started GET "/assets/jquery.js?body=1" for 109.188.125.198 at 2014-10-13 12:35:46 -0400


Started GET "/assets/jquery_ujs.js?body=1" for 109.188.125.198 at 2014-10-13 12:35:46 -0400


Started GET "/assets/turbolinks.js?body=1" for 109.188.125.198 at 2014-10-13 12:35:46 -0400


Started GET "/assets/airlines.js?body=1" for 109.188.125.198 at 2014-10-13 12:35:46 -0400


Started GET "/assets/airports.js?body=1" for 109.188.125.198 at 2014-10-13 12:35:46 -0400


Started GET "/assets/routes.js?body=1" for 109.188.125.198 at 2014-10-13 12:35:46 -0400


Started GET "/assets/application.js?body=1" for 109.188.125.198 at 2014-10-13 12:35:47 -0400


Started GET "/" for 109.188.125.198 at 2014-10-13 13:22:12 -0400
Processing by AirlinesController#index as HTML
Completed 500 Internal Server Error in 10ms

NameError (uninitialized constant AirlinesController::Airlines):
  app/controllers/airlines_controller.rb:8:in `index'


  Rendered /var/lib/gems/1.9.1/gems/actionpack-4.1.6/lib/action_dispatch/middleware/templates/rescues/_source.erb (0.7ms)
  Rendered /var/lib/gems/1.9.1/gems/actionpack-4.1.6/lib/action_dispatch/middleware/templates/rescues/_trace.html.erb (1.6ms)
  Rendered /var/lib/gems/1.9.1/gems/actionpack-4.1.6/lib/action_dispatch/middleware/templates/rescues/_request_and_response.html.erb (1.6ms)
  Rendered /var/lib/gems/1.9.1/gems/actionpack-4.1.6/lib/action_dispatch/middleware/templates/rescues/diagnostics.erb within rescues/layout (20.1ms)


Started GET "/" for 109.188.125.198 at 2014-10-13 13:22:45 -0400
Processing by AirlinesController#index as HTML
  Rendered airlines/index.html.erb within layouts/application (40.0ms)
Completed 500 Internal Server Error in 95ms

ActionView::Template::Error (The @airlines variable appears to be empty. Did you forget to pass the collection object for will_paginate?):
    1: <h1>Listing airlines</h1>
    2: <%= will_paginate @airlines %>
    3: <table>
    4:   <thead>
    5:     <tr>
  app/views/airlines/index.html.erb:2:in `_app_views_airlines_index_html_erb__359280840621390976_30740860'


  Rendered /var/lib/gems/1.9.1/gems/actionpack-4.1.6/lib/action_dispatch/middleware/templates/rescues/_trace.html.erb (1.7ms)
  Rendered /var/lib/gems/1.9.1/gems/actionpack-4.1.6/lib/action_dispatch/middleware/templates/rescues/_request_and_response.html.erb (1.7ms)
  Rendered /var/lib/gems/1.9.1/gems/actionpack-4.1.6/lib/action_dispatch/middleware/templates/rescues/template_error.html.erb within rescues/layout (12.9ms)


Started GET "/" for 109.188.125.198 at 2014-10-13 13:23:47 -0400
Processing by AirlinesController#index as HTML
  Rendered airlines/index.html.erb within layouts/application (42.4ms)
Completed 500 Internal Server Error in 100ms

ActionView::Template::Error (undefined method `each' for nil:NilClass):
     7:   </thead>
     8: 
     9:   <tbody>
    10:     <% @airlines.each do |airline| %>
    11:       <tr>
    12:         <td><%= airline.lid %></td>
    13:         <td><%= airline.name %></td>
  app/views/airlines/index.html.erb:10:in `_app_views_airlines_index_html_erb___329776179862515235_33593060'


  Rendered /var/lib/gems/1.9.1/gems/actionpack-4.1.6/lib/action_dispatch/middleware/templates/rescues/_trace.html.erb (1.2ms)
  Rendered /var/lib/gems/1.9.1/gems/actionpack-4.1.6/lib/action_dispatch/middleware/templates/rescues/_request_and_response.html.erb (1.0ms)
  Rendered /var/lib/gems/1.9.1/gems/actionpack-4.1.6/lib/action_dispatch/middleware/templates/rescues/template_error.html.erb within rescues/layout (9.6ms)


Started GET "/" for 109.188.125.198 at 2014-10-13 13:24:25 -0400
Processing by AirlinesController#index as HTML
  Rendered airlines/index.html.erb within layouts/application (45.9ms)
Completed 500 Internal Server Error in 107ms

ActionView::Template::Error (undefined method `each' for nil:NilClass):
     7:   </thead>
     8: 
     9:   <tbody>
    10:     <% @airlines.each do |airline| %>
    11:       <tr>
    12:         <td><%= airline.lid %></td>
    13:         <td><%= airline.name %></td>
  app/views/airlines/index.html.erb:10:in `_app_views_airlines_index_html_erb___158647465421941619_34419660'


  Rendered /var/lib/gems/1.9.1/gems/actionpack-4.1.6/lib/action_dispatch/middleware/templates/rescues/_trace.html.erb (1.3ms)
  Rendered /var/lib/gems/1.9.1/gems/actionpack-4.1.6/lib/action_dispatch/middleware/templates/rescues/_request_and_response.html.erb (1.1ms)
  Rendered /var/lib/gems/1.9.1/gems/actionpack-4.1.6/lib/action_dispatch/middleware/templates/rescues/template_error.html.erb within rescues/layout (11.1ms)


Started GET "/" for 109.188.125.198 at 2014-10-13 13:26:40 -0400
Processing by AirlinesController#index as HTML
  Rendered airlines/index.html.erb within layouts/application (42.3ms)
Completed 500 Internal Server Error in 96ms

ActionView::Template::Error (undefined method `each' for nil:NilClass):
     7:   </thead>
     8: 
     9:   <tbody>
    10:     <% @airlines.each do |airline| %>
    11:       <tr>
    12:         <td><%= airline.lid %></td>
    13:         <td><%= airline.name %></td>
  app/views/airlines/index.html.erb:10:in `_app_views_airlines_index_html_erb__3436309679160860831_36310700'


  Rendered /var/lib/gems/1.9.1/gems/actionpack-4.1.6/lib/action_dispatch/middleware/templates/rescues/_trace.html.erb (1.2ms)
  Rendered /var/lib/gems/1.9.1/gems/actionpack-4.1.6/lib/action_dispatch/middleware/templates/rescues/_request_and_response.html.erb (1.2ms)
  Rendered /var/lib/gems/1.9.1/gems/actionpack-4.1.6/lib/action_dispatch/middleware/templates/rescues/template_error.html.erb within rescues/layout (10.7ms)


Started GET "/" for 109.188.125.198 at 2014-10-13 13:27:52 -0400
Processing by AirlinesController#index as HTML
  Rendered airlines/index.html.erb within layouts/application (9.0ms)
Completed 500 Internal Server Error in 69ms

ActionView::Template::Error (The @airlines variable appears to be empty. Did you forget to pass the collection object for will_paginate?):
    1: <h1>Listing airlines</h1>
    2: <%= will_paginate @airlines %>
    3: <table>
    4:   <thead>
    5:     <tr>
  app/views/airlines/index.html.erb:2:in `_app_views_airlines_index_html_erb__4520009298462754942_31729120'


  Rendered /var/lib/gems/1.9.1/gems/actionpack-4.1.6/lib/action_dispatch/middleware/templates/rescues/_trace.html.erb (1.3ms)
  Rendered /var/lib/gems/1.9.1/gems/actionpack-4.1.6/lib/action_dispatch/middleware/templates/rescues/_request_and_response.html.erb (1.1ms)
  Rendered /var/lib/gems/1.9.1/gems/actionpack-4.1.6/lib/action_dispatch/middleware/templates/rescues/template_error.html.erb within rescues/layout (10.7ms)


Started GET "/" for 109.188.125.198 at 2014-10-13 13:30:35 -0400
Processing by AirlinesController#index as HTML
  Rendered airlines/index.html.erb within layouts/application (46.0ms)
Completed 500 Internal Server Error in 103ms

ActionView::Template::Error ('nil' is not an ActiveModel-compatible object. It must implement :to_partial_path.):
    1: <h1>Listing airlines</h1>
    2: <%= render @airlines %>
    3: <%= will_paginate @airlines %>
    4: <table>
    5:   <thead>
  app/views/airlines/index.html.erb:2:in `_app_views_airlines_index_html_erb___2614067893872017303_24323440'


  Rendered /var/lib/gems/1.9.1/gems/actionpack-4.1.6/lib/action_dispatch/middleware/templates/rescues/_trace.html.erb (1.2ms)
  Rendered /var/lib/gems/1.9.1/gems/actionpack-4.1.6/lib/action_dispatch/middleware/templates/rescues/_request_and_response.html.erb (1.1ms)
  Rendered /var/lib/gems/1.9.1/gems/actionpack-4.1.6/lib/action_dispatch/middleware/templates/rescues/template_error.html.erb within rescues/layout (10.3ms)


Started GET "/" for 109.188.125.198 at 2014-10-13 13:32:18 -0400
Processing by AirlinesController#index as HTML
  [1m[36mAirline Load (1.2ms)[0m  [1mSELECT  `airlines`.* FROM `airlines`  LIMIT 10 OFFSET 0[0m
  [1m[35m (1.8ms)[0m  SELECT COUNT(*) FROM `airlines`
  Rendered airlines/index.html.erb within layouts/application (63.8ms)
Completed 500 Internal Server Error in 121ms

ActionView::Template::Error (Missing partial airlines/_airline with {:locale=>[:en], :formats=>[:html], :variants=>[], :handlers=>[:erb, :builder, :raw, :ruby, :jbuilder, :coffee]}. Searched in:
  * "/home/selivanov/src/iana/app/views"
):
    1: <h1>Listing airlines</h1>
    2: <%= render @airlines %>
    3: <%= will_paginate @airlines %>
    4: <table>
    5:   <thead>
  app/views/airlines/index.html.erb:2:in `_app_views_airlines_index_html_erb___383966501719492320_28506860'


  Rendered /var/lib/gems/1.9.1/gems/actionpack-4.1.6/lib/action_dispatch/middleware/templates/rescues/_trace.html.erb (1.2ms)
  Rendered /var/lib/gems/1.9.1/gems/actionpack-4.1.6/lib/action_dispatch/middleware/templates/rescues/_request_and_response.html.erb (0.9ms)
  Rendered /var/lib/gems/1.9.1/gems/actionpack-4.1.6/lib/action_dispatch/middleware/templates/rescues/template_error.html.erb within rescues/layout (9.3ms)


Started GET "/" for 109.188.125.198 at 2014-10-13 13:32:51 -0400
Processing by AirlinesController#index as HTML
  [1m[36m (0.1ms)[0m  [1mSELECT COUNT(*) FROM `airlines`[0m
  [1m[35mAirline Load (0.2ms)[0m  SELECT  `airlines`.* FROM `airlines`  LIMIT 10 OFFSET 0
  Rendered airlines/index.html.erb within layouts/application (68.6ms)
Completed 500 Internal Server Error in 133ms

ActionView::Template::Error (undefined method `name' for #<Airline:0x00000003086c60>):
    11:     <% @airlines.each do |airline| %>
    12:       <tr>
    13:         <td><%= airline.lid %></td>
    14:         <td><%= airline.name %></td>
    15:         <td><%= airline.alias %></td>
    16:         <td><%= airline.iata %></td>
    17:         <td><%= airline.icao %></td>
  app/views/airlines/index.html.erb:14:in `block in _app_views_airlines_index_html_erb___3075168841908584501_21653740'
  app/views/airlines/index.html.erb:11:in `_app_views_airlines_index_html_erb___3075168841908584501_21653740'


  Rendered /var/lib/gems/1.9.1/gems/actionpack-4.1.6/lib/action_dispatch/middleware/templates/rescues/_trace.html.erb (1.3ms)
  Rendered /var/lib/gems/1.9.1/gems/actionpack-4.1.6/lib/action_dispatch/middleware/templates/rescues/_request_and_response.html.erb (1.1ms)
  Rendered /var/lib/gems/1.9.1/gems/actionpack-4.1.6/lib/action_dispatch/middleware/templates/rescues/template_error.html.erb within rescues/layout (10.5ms)


Started GET "/" for 109.188.125.198 at 2014-10-13 13:50:05 -0400
Processing by AirlinesController#index as HTML
  [1m[36m (1.8ms)[0m  [1mSELECT COUNT(*) FROM `airlines`[0m
  [1m[35mAirline Load (0.6ms)[0m  SELECT  `airlines`.* FROM `airlines`  LIMIT 10 OFFSET 0
  Rendered airlines/index.html.erb within layouts/application (40.3ms)
Completed 200 OK in 320ms (Views: 300.2ms | ActiveRecord: 5.0ms)


Started GET "/assets/airlines.css?body=1" for 109.188.125.198 at 2014-10-13 13:50:07 -0400


Started GET "/assets/airports.css?body=1" for 109.188.125.198 at 2014-10-13 13:50:07 -0400


Started GET "/assets/routes.css?body=1" for 109.188.125.198 at 2014-10-13 13:50:07 -0400


Started GET "/assets/scaffolds.css?body=1" for 109.188.125.198 at 2014-10-13 13:50:07 -0400


Started GET "/assets/application.css?body=1" for 109.188.125.198 at 2014-10-13 13:50:07 -0400


Started GET "/assets/jquery.js?body=1" for 109.188.125.198 at 2014-10-13 13:50:07 -0400


Started GET "/assets/jquery_ujs.js?body=1" for 109.188.125.198 at 2014-10-13 13:50:07 -0400


Started GET "/assets/turbolinks.js?body=1" for 109.188.125.198 at 2014-10-13 13:50:07 -0400


Started GET "/assets/airlines.js?body=1" for 109.188.125.198 at 2014-10-13 13:50:07 -0400


Started GET "/assets/airports.js?body=1" for 109.188.125.198 at 2014-10-13 13:50:07 -0400


Started GET "/assets/routes.js?body=1" for 109.188.125.198 at 2014-10-13 13:50:07 -0400


Started GET "/assets/application.js?body=1" for 109.188.125.198 at 2014-10-13 13:50:08 -0400


Started GET "/airlines?page=2" for 109.188.125.198 at 2014-10-13 13:50:12 -0400
Processing by AirlinesController#index as HTML
  Parameters: {"page"=>"2"}
  [1m[36m (0.4ms)[0m  [1mSELECT COUNT(*) FROM `airlines`[0m
  [1m[35mAirline Load (0.8ms)[0m  SELECT  `airlines`.* FROM `airlines`  LIMIT 10 OFFSET 10
  Rendered airlines/index.html.erb within layouts/application (23.8ms)
Completed 200 OK in 234ms (Views: 230.5ms | ActiveRecord: 1.1ms)


Started GET "/airlines?page=3" for 109.188.125.198 at 2014-10-13 13:50:15 -0400
Processing by AirlinesController#index as HTML
  Parameters: {"page"=>"3"}
  [1m[36m (0.3ms)[0m  [1mSELECT COUNT(*) FROM `airlines`[0m
  [1m[35mAirline Load (0.8ms)[0m  SELECT  `airlines`.* FROM `airlines`  LIMIT 10 OFFSET 20
  Rendered airlines/index.html.erb within layouts/application (23.3ms)
Completed 200 OK in 109ms (Views: 105.6ms | ActiveRecord: 1.2ms)


Started GET "/airlines?page=4" for 109.188.125.198 at 2014-10-13 13:50:16 -0400
Processing by AirlinesController#index as HTML
  Parameters: {"page"=>"4"}
  [1m[36m (0.4ms)[0m  [1mSELECT COUNT(*) FROM `airlines`[0m
  [1m[35mAirline Load (0.8ms)[0m  SELECT  `airlines`.* FROM `airlines`  LIMIT 10 OFFSET 30
  Rendered airlines/index.html.erb within layouts/application (21.1ms)
Completed 200 OK in 133ms (Views: 130.1ms | ActiveRecord: 1.1ms)


Started GET "/airlines?page=604" for 109.188.125.198 at 2014-10-13 13:50:19 -0400
Processing by AirlinesController#index as HTML
  Parameters: {"page"=>"604"}
  [1m[36m (0.2ms)[0m  [1mSELECT COUNT(*) FROM `airlines`[0m
  [1m[35mAirline Load (3.8ms)[0m  SELECT  `airlines`.* FROM `airlines`  LIMIT 10 OFFSET 6030
  Rendered airlines/index.html.erb within layouts/application (17.6ms)
Completed 200 OK in 127ms (Views: 121.5ms | ActiveRecord: 4.0ms)


Started GET "/airlines?page=600" for 109.188.125.198 at 2014-10-13 13:50:24 -0400
Processing by AirlinesController#index as HTML
  Parameters: {"page"=>"600"}
  [1m[36m (0.4ms)[0m  [1mSELECT COUNT(*) FROM `airlines`[0m
  [1m[35mAirline Load (7.5ms)[0m  SELECT  `airlines`.* FROM `airlines`  LIMIT 10 OFFSET 5990
  Rendered airlines/index.html.erb within layouts/application (30.6ms)
Completed 200 OK in 118ms (Views: 108.1ms | ActiveRecord: 7.9ms)


Started GET "/airlines?page=601" for 109.188.125.198 at 2014-10-13 13:50:27 -0400
Processing by AirlinesController#index as HTML
  Parameters: {"page"=>"601"}
  [1m[36m (0.2ms)[0m  [1mSELECT COUNT(*) FROM `airlines`[0m
  [1m[35mAirline Load (3.2ms)[0m  SELECT  `airlines`.* FROM `airlines`  LIMIT 10 OFFSET 6000
  Rendered airlines/index.html.erb within layouts/application (13.5ms)
Completed 200 OK in 72ms (Views: 66.2ms | ActiveRecord: 3.4ms)


Started GET "/airlines?page=601" for 109.188.125.198 at 2014-10-13 13:51:51 -0400
Processing by AirlinesController#index as HTML
  Parameters: {"page"=>"601"}
  [1m[36m (0.2ms)[0m  [1mSELECT COUNT(*) FROM `airlines`[0m
  [1m[35mAirline Load (0.8ms)[0m  SELECT  `airlines`.* FROM `airlines`   ORDER BY id DESC LIMIT 100 OFFSET 60000
Mysql2::Error: Unknown column 'id' in 'order clause': SELECT  `airlines`.* FROM `airlines`   ORDER BY id DESC LIMIT 100 OFFSET 60000
  Rendered airlines/index.html.erb within layouts/application (67.4ms)
Completed 500 Internal Server Error in 131ms

ActionView::Template::Error (Mysql2::Error: Unknown column 'id' in 'order clause': SELECT  `airlines`.* FROM `airlines`   ORDER BY id DESC LIMIT 100 OFFSET 60000):
     8:   </thead>
     9: 
    10:   <tbody>
    11:     <% @airlines.each do |airline| %>
    12:       <tr>
    13:         <td><%= airline.lid %></td>
    14:         <td><%= airline.name %></td>
  app/views/airlines/index.html.erb:11:in `_app_views_airlines_index_html_erb__2835063921007159920_24978440'


  Rendered /var/lib/gems/1.9.1/gems/actionpack-4.1.6/lib/action_dispatch/middleware/templates/rescues/_trace.html.erb (1.2ms)
  Rendered /var/lib/gems/1.9.1/gems/actionpack-4.1.6/lib/action_dispatch/middleware/templates/rescues/_request_and_response.html.erb (1.0ms)
  Rendered /var/lib/gems/1.9.1/gems/actionpack-4.1.6/lib/action_dispatch/middleware/templates/rescues/template_error.html.erb within rescues/layout (10.1ms)


Started GET "/airlines?page=601" for 109.188.125.198 at 2014-10-13 13:52:20 -0400
Processing by AirlinesController#index as HTML
  Parameters: {"page"=>"601"}
  [1m[36m (0.2ms)[0m  [1mSELECT COUNT(*) FROM `airlines`[0m
  [1m[35mAirline Load (7.1ms)[0m  SELECT  `airlines`.* FROM `airlines`   ORDER BY lid DESC LIMIT 100 OFFSET 60000
  Rendered airlines/index.html.erb within layouts/application (87.7ms)
Completed 200 OK in 238ms (Views: 173.7ms | ActiveRecord: 9.1ms)


Started GET "/assets/airlines.css?body=1" for 109.188.125.198 at 2014-10-13 13:52:21 -0400


Started GET "/assets/airports.css?body=1" for 109.188.125.198 at 2014-10-13 13:52:21 -0400


Started GET "/assets/scaffolds.css?body=1" for 109.188.125.198 at 2014-10-13 13:52:21 -0400


Started GET "/assets/routes.css?body=1" for 109.188.125.198 at 2014-10-13 13:52:21 -0400


Started GET "/assets/application.css?body=1" for 109.188.125.198 at 2014-10-13 13:52:21 -0400


Started GET "/assets/jquery.js?body=1" for 109.188.125.198 at 2014-10-13 13:52:21 -0400


Started GET "/assets/jquery_ujs.js?body=1" for 109.188.125.198 at 2014-10-13 13:52:21 -0400


Started GET "/assets/turbolinks.js?body=1" for 109.188.125.198 at 2014-10-13 13:52:21 -0400


Started GET "/assets/airlines.js?body=1" for 109.188.125.198 at 2014-10-13 13:52:21 -0400


Started GET "/assets/airports.js?body=1" for 109.188.125.198 at 2014-10-13 13:52:21 -0400


Started GET "/assets/routes.js?body=1" for 109.188.125.198 at 2014-10-13 13:52:21 -0400


Started GET "/assets/application.js?body=1" for 109.188.125.198 at 2014-10-13 13:52:21 -0400


Started GET "/airlines?page=53" for 109.188.125.198 at 2014-10-13 13:52:26 -0400
Processing by AirlinesController#index as HTML
  Parameters: {"page"=>"53"}
  [1m[36m (0.3ms)[0m  [1mSELECT COUNT(*) FROM `airlines`[0m
  [1m[35mAirline Load (8.4ms)[0m  SELECT  `airlines`.* FROM `airlines`   ORDER BY lid DESC LIMIT 100 OFFSET 5200
  Rendered airlines/index.html.erb within layouts/application (136.3ms)
Completed 200 OK in 255ms (Views: 243.6ms | ActiveRecord: 8.7ms)


Started GET "/airlines?page=1" for 109.188.125.198 at 2014-10-13 13:52:29 -0400
Processing by AirlinesController#index as HTML
  Parameters: {"page"=>"1"}
  [1m[36m (0.5ms)[0m  [1mSELECT COUNT(*) FROM `airlines`[0m
  [1m[35mAirline Load (1.4ms)[0m  SELECT  `airlines`.* FROM `airlines`   ORDER BY lid DESC LIMIT 100 OFFSET 0
  Rendered airlines/index.html.erb within layouts/application (223.8ms)
Completed 200 OK in 351ms (Views: 346.4ms | ActiveRecord: 1.8ms)


Started GET "/airlines?page=2" for 109.188.125.198 at 2014-10-13 13:52:32 -0400
Processing by AirlinesController#index as HTML
  Parameters: {"page"=>"2"}
  [1m[36m (0.4ms)[0m  [1mSELECT COUNT(*) FROM `airlines`[0m
  [1m[35mAirline Load (1.2ms)[0m  SELECT  `airlines`.* FROM `airlines`   ORDER BY lid DESC LIMIT 100 OFFSET 100
  Rendered airlines/index.html.erb within layouts/application (108.5ms)
Completed 200 OK in 240ms (Views: 236.6ms | ActiveRecord: 1.6ms)


Started GET "/airlines?page=3" for 109.188.125.198 at 2014-10-13 13:52:35 -0400
Processing by AirlinesController#index as HTML
  Parameters: {"page"=>"3"}
  [1m[36m (0.5ms)[0m  [1mSELECT COUNT(*) FROM `airlines`[0m
  [1m[35mAirline Load (1.2ms)[0m  SELECT  `airlines`.* FROM `airlines`   ORDER BY lid DESC LIMIT 100 OFFSET 200
  Rendered airlines/index.html.erb within layouts/application (113.2ms)
Completed 200 OK in 320ms (Views: 316.2ms | ActiveRecord: 1.8ms)


Started GET "/airlines?page=61" for 109.188.125.198 at 2014-10-13 13:52:37 -0400
Processing by AirlinesController#index as HTML
  Parameters: {"page"=>"61"}
  [1m[36m (0.3ms)[0m  [1mSELECT COUNT(*) FROM `airlines`[0m
  [1m[35mAirline Load (8.2ms)[0m  SELECT  `airlines`.* FROM `airlines`   ORDER BY lid DESC LIMIT 100 OFFSET 6000
  Rendered airlines/index.html.erb within layouts/application (65.3ms)
Completed 200 OK in 183ms (Views: 172.8ms | ActiveRecord: 8.5ms)


Started GET "/airlines?page=1" for 109.188.125.198 at 2014-10-13 13:52:45 -0400
Processing by AirlinesController#index as HTML
  Parameters: {"page"=>"1"}
  [1m[36m (0.3ms)[0m  [1mSELECT COUNT(*) FROM `airlines`[0m
  [1m[35mAirline Load (0.3ms)[0m  SELECT  `airlines`.* FROM `airlines`   ORDER BY lid DESC LIMIT 100 OFFSET 0
  Rendered airlines/index.html.erb within layouts/application (231.8ms)
Completed 200 OK in 375ms (Views: 372.0ms | ActiveRecord: 0.7ms)


Started GET "/" for 109.188.125.198 at 2014-10-13 13:53:22 -0400
Processing by AirlinesController#index as HTML
  [1m[36m (0.1ms)[0m  [1mSELECT COUNT(*) FROM `airlines`[0m
  [1m[35mAirline Load (0.5ms)[0m  SELECT  `airlines`.* FROM `airlines`   ORDER BY lid LIMIT 100 OFFSET 0
  Rendered airlines/index.html.erb within layouts/application (102.0ms)
Completed 200 OK in 289ms (Views: 243.4ms | ActiveRecord: 1.9ms)


Started GET "/assets/airlines.css?body=1" for 109.188.125.198 at 2014-10-13 13:53:23 -0400


Started GET "/assets/airports.css?body=1" for 109.188.125.198 at 2014-10-13 13:53:23 -0400


Started GET "/assets/routes.css?body=1" for 109.188.125.198 at 2014-10-13 13:53:23 -0400


Started GET "/assets/scaffolds.css?body=1" for 109.188.125.198 at 2014-10-13 13:53:23 -0400


Started GET "/assets/application.css?body=1" for 109.188.125.198 at 2014-10-13 13:53:23 -0400


Started GET "/assets/jquery.js?body=1" for 109.188.125.198 at 2014-10-13 13:53:23 -0400


Started GET "/assets/jquery_ujs.js?body=1" for 109.188.125.198 at 2014-10-13 13:53:23 -0400


Started GET "/assets/turbolinks.js?body=1" for 109.188.125.198 at 2014-10-13 13:53:23 -0400


Started GET "/assets/airlines.js?body=1" for 109.188.125.198 at 2014-10-13 13:53:24 -0400


Started GET "/assets/airports.js?body=1" for 109.188.125.198 at 2014-10-13 13:53:24 -0400


Started GET "/assets/routes.js?body=1" for 109.188.125.198 at 2014-10-13 13:53:25 -0400


Started GET "/assets/application.js?body=1" for 109.188.125.198 at 2014-10-13 13:53:25 -0400


Started GET "/airlines?page=2" for 109.188.125.198 at 2014-10-13 13:53:28 -0400
Processing by AirlinesController#index as HTML
  Parameters: {"page"=>"2"}
  [1m[36m (0.1ms)[0m  [1mSELECT COUNT(*) FROM `airlines`[0m
  [1m[35mAirline Load (0.5ms)[0m  SELECT  `airlines`.* FROM `airlines`   ORDER BY lid LIMIT 100 OFFSET 100
  Rendered airlines/index.html.erb within layouts/application (46.6ms)
Completed 200 OK in 148ms (Views: 145.9ms | ActiveRecord: 0.6ms)


Started GET "/airlines?page=3" for 109.188.125.198 at 2014-10-13 13:53:30 -0400
Processing by AirlinesController#index as HTML
  Parameters: {"page"=>"3"}
  [1m[36m (0.2ms)[0m  [1mSELECT COUNT(*) FROM `airlines`[0m
  [1m[35mAirline Load (0.7ms)[0m  SELECT  `airlines`.* FROM `airlines`   ORDER BY lid LIMIT 100 OFFSET 200
  Rendered airlines/index.html.erb within layouts/application (53.1ms)
Completed 200 OK in 135ms (Views: 132.0ms | ActiveRecord: 0.9ms)


Started GET "/airlines?page=4" for 109.188.125.198 at 2014-10-13 13:53:33 -0400
Processing by AirlinesController#index as HTML
  Parameters: {"page"=>"4"}
  [1m[36m (0.3ms)[0m  [1mSELECT COUNT(*) FROM `airlines`[0m
  [1m[35mAirline Load (1.3ms)[0m  SELECT  `airlines`.* FROM `airlines`   ORDER BY lid LIMIT 100 OFFSET 300
  Rendered airlines/index.html.erb within layouts/application (122.3ms)
Completed 200 OK in 330ms (Views: 326.5ms | ActiveRecord: 1.5ms)


Started GET "/airlines?page=5" for 109.188.125.198 at 2014-10-13 13:53:37 -0400
Processing by AirlinesController#index as HTML
  Parameters: {"page"=>"5"}
  [1m[36m (0.3ms)[0m  [1mSELECT COUNT(*) FROM `airlines`[0m
  [1m[35mAirline Load (1.3ms)[0m  SELECT  `airlines`.* FROM `airlines`   ORDER BY lid LIMIT 100 OFFSET 400
  Rendered airlines/index.html.erb within layouts/application (83.3ms)
Completed 200 OK in 192ms (Views: 187.7ms | ActiveRecord: 1.6ms)


Started GET "/airlines?page=6" for 109.188.125.198 at 2014-10-13 13:53:42 -0400
Processing by AirlinesController#index as HTML
  Parameters: {"page"=>"6"}
  [1m[36m (0.3ms)[0m  [1mSELECT COUNT(*) FROM `airlines`[0m
  [1m[35mAirline Load (1.3ms)[0m  SELECT  `airlines`.* FROM `airlines`   ORDER BY lid LIMIT 100 OFFSET 500
  Rendered airlines/index.html.erb within layouts/application (165.2ms)
Completed 200 OK in 261ms (Views: 257.2ms | ActiveRecord: 1.6ms)


Started GET "/airlines?page=8" for 109.188.125.198 at 2014-10-13 13:53:58 -0400
Processing by AirlinesController#index as HTML
  Parameters: {"page"=>"8"}
  [1m[36m (0.4ms)[0m  [1mSELECT COUNT(*) FROM `airlines`[0m
  [1m[35mAirline Load (2.1ms)[0m  SELECT  `airlines`.* FROM `airlines`   ORDER BY lid LIMIT 100 OFFSET 700
  Rendered airlines/index.html.erb within layouts/application (103.2ms)
Completed 200 OK in 200ms (Views: 195.0ms | ActiveRecord: 2.5ms)


Started GET "/airlines?page=61" for 109.188.125.198 at 2014-10-13 13:54:01 -0400
Processing by AirlinesController#index as HTML
  Parameters: {"page"=>"61"}
  [1m[36m (0.2ms)[0m  [1mSELECT COUNT(*) FROM `airlines`[0m
  [1m[35mAirline Load (6.9ms)[0m  SELECT  `airlines`.* FROM `airlines`   ORDER BY lid LIMIT 100 OFFSET 6000
  Rendered airlines/index.html.erb within layouts/application (61.6ms)
Completed 200 OK in 206ms (Views: 197.7ms | ActiveRecord: 7.1ms)


Started GET "/airlines?page=57" for 109.188.125.198 at 2014-10-13 13:54:33 -0400
Processing by AirlinesController#index as HTML
  Parameters: {"page"=>"57"}
  [1m[36m (0.2ms)[0m  [1mSELECT COUNT(*) FROM `airlines`[0m
  [1m[35mAirline Load (3.3ms)[0m  SELECT  `airlines`.* FROM `airlines`   ORDER BY lid LIMIT 100 OFFSET 5600
  Rendered airlines/index.html.erb within layouts/application (51.7ms)
Completed 200 OK in 107ms (Views: 102.2ms | ActiveRecord: 3.5ms)


Started GET "/airports" for 109.188.125.198 at 2014-10-13 13:57:38 -0400
Processing by AirportsController#index as HTML
  [1m[36m (3.7ms)[0m  [1mSELECT COUNT(*) FROM `airports`[0m
  [1m[35mAirport Load (0.7ms)[0m  SELECT  `airports`.* FROM `airports`   ORDER BY pid LIMIT 100 OFFSET 0
  Rendered airports/index.html.erb within layouts/application (113.9ms)
Completed 200 OK in 313ms (Views: 251.6ms | ActiveRecord: 6.4ms)


Started GET "/assets/airlines.css?body=1" for 109.188.125.198 at 2014-10-13 13:57:39 -0400


Started GET "/assets/airports.css?body=1" for 109.188.125.198 at 2014-10-13 13:57:39 -0400


Started GET "/assets/routes.css?body=1" for 109.188.125.198 at 2014-10-13 13:57:39 -0400


Started GET "/assets/scaffolds.css?body=1" for 109.188.125.198 at 2014-10-13 13:57:39 -0400


Started GET "/assets/application.css?body=1" for 109.188.125.198 at 2014-10-13 13:57:39 -0400


Started GET "/assets/jquery.js?body=1" for 109.188.125.198 at 2014-10-13 13:57:39 -0400


Started GET "/assets/jquery_ujs.js?body=1" for 109.188.125.198 at 2014-10-13 13:57:39 -0400


Started GET "/assets/turbolinks.js?body=1" for 109.188.125.198 at 2014-10-13 13:57:39 -0400


Started GET "/assets/airlines.js?body=1" for 109.188.125.198 at 2014-10-13 13:57:40 -0400


Started GET "/assets/airports.js?body=1" for 109.188.125.198 at 2014-10-13 13:57:40 -0400


Started GET "/assets/routes.js?body=1" for 109.188.125.198 at 2014-10-13 13:57:40 -0400


Started GET "/assets/application.js?body=1" for 109.188.125.198 at 2014-10-13 13:57:40 -0400


Started GET "/airports" for 109.188.125.198 at 2014-10-13 14:01:27 -0400
Processing by AirportsController#index as HTML
  [1m[36m (0.1ms)[0m  [1mSELECT COUNT(*) FROM `airports`[0m
  [1m[35mAirport Load (0.2ms)[0m  SELECT  `airports`.* FROM `airports`   ORDER BY pid LIMIT 100 OFFSET 0
  Rendered airports/index.html.erb within layouts/application (118.1ms)
Completed 200 OK in 304ms (Views: 250.8ms | ActiveRecord: 1.8ms)


Started GET "/assets/airlines.css?body=1" for 109.188.125.198 at 2014-10-13 14:01:28 -0400


Started GET "/assets/airports.css?body=1" for 109.188.125.198 at 2014-10-13 14:01:28 -0400


Started GET "/assets/routes.css?body=1" for 109.188.125.198 at 2014-10-13 14:01:28 -0400


Started GET "/assets/scaffolds.css?body=1" for 109.188.125.198 at 2014-10-13 14:01:28 -0400


Started GET "/assets/application.css?body=1" for 109.188.125.198 at 2014-10-13 14:01:28 -0400


Started GET "/assets/jquery.js?body=1" for 109.188.125.198 at 2014-10-13 14:01:28 -0400


Started GET "/assets/jquery_ujs.js?body=1" for 109.188.125.198 at 2014-10-13 14:01:28 -0400


Started GET "/assets/turbolinks.js?body=1" for 109.188.125.198 at 2014-10-13 14:01:28 -0400


Started GET "/assets/airlines.js?body=1" for 109.188.125.198 at 2014-10-13 14:01:29 -0400


Started GET "/assets/airports.js?body=1" for 109.188.125.198 at 2014-10-13 14:01:29 -0400


Started GET "/assets/routes.js?body=1" for 109.188.125.198 at 2014-10-13 14:01:29 -0400


Started GET "/assets/application.js?body=1" for 109.188.125.198 at 2014-10-13 14:01:29 -0400


Started GET "/airports?page=2" for 109.188.125.198 at 2014-10-13 14:01:42 -0400
Processing by AirportsController#index as HTML
  Parameters: {"page"=>"2"}
  [1m[36m (0.3ms)[0m  [1mSELECT COUNT(*) FROM `airports`[0m
  [1m[35mAirport Load (1.6ms)[0m  SELECT  `airports`.* FROM `airports`   ORDER BY pid LIMIT 100 OFFSET 100
  Rendered airports/index.html.erb within layouts/application (125.4ms)
Completed 200 OK in 338ms (Views: 333.8ms | ActiveRecord: 1.9ms)


Started GET "/airports?page=8" for 109.188.125.198 at 2014-10-13 14:01:46 -0400
Processing by AirportsController#index as HTML
  Parameters: {"page"=>"8"}
  [1m[36m (0.3ms)[0m  [1mSELECT COUNT(*) FROM `airports`[0m
  [1m[35mAirport Load (2.4ms)[0m  SELECT  `airports`.* FROM `airports`   ORDER BY pid LIMIT 100 OFFSET 700
  Rendered airports/index.html.erb within layouts/application (128.4ms)
Completed 200 OK in 258ms (Views: 252.3ms | ActiveRecord: 2.7ms)


Started GET "/airports?page=82" for 109.188.125.198 at 2014-10-13 14:01:48 -0400
Processing by AirportsController#index as HTML
  Parameters: {"page"=>"82"}
  [1m[36m (0.4ms)[0m  [1mSELECT COUNT(*) FROM `airports`[0m
  [1m[35mAirport Load (12.3ms)[0m  SELECT  `airports`.* FROM `airports`   ORDER BY pid LIMIT 100 OFFSET 8100
  Rendered airports/index.html.erb within layouts/application (34.0ms)
Completed 200 OK in 264ms (Views: 249.1ms | ActiveRecord: 12.7ms)


Started GET "/airports?page=81" for 109.188.125.198 at 2014-10-13 14:01:51 -0400
Processing by AirportsController#index as HTML
  Parameters: {"page"=>"81"}
  [1m[36m (0.3ms)[0m  [1mSELECT COUNT(*) FROM `airports`[0m
  [1m[35mAirport Load (12.2ms)[0m  SELECT  `airports`.* FROM `airports`   ORDER BY pid LIMIT 100 OFFSET 8000
  Rendered airports/index.html.erb within layouts/application (131.8ms)
Completed 200 OK in 251ms (Views: 235.9ms | ActiveRecord: 12.5ms)


Started GET "/airports?page=78" for 109.188.125.198 at 2014-10-13 14:01:57 -0400
Processing by AirportsController#index as HTML
  Parameters: {"page"=>"78"}
  [1m[36m (0.4ms)[0m  [1mSELECT COUNT(*) FROM `airports`[0m
  [1m[35mAirport Load (12.3ms)[0m  SELECT  `airports`.* FROM `airports`   ORDER BY pid LIMIT 100 OFFSET 7700
  Rendered airports/index.html.erb within layouts/application (220.3ms)
Completed 200 OK in 356ms (Views: 341.2ms | ActiveRecord: 12.8ms)


Started GET "/airports?page=80" for 109.188.125.198 at 2014-10-13 14:02:38 -0400
Processing by AirportsController#index as HTML
  Parameters: {"page"=>"80"}
  [1m[36m (0.4ms)[0m  [1mSELECT COUNT(*) FROM `airports`[0m
  [1m[35mAirport Load (13.1ms)[0m  SELECT  `airports`.* FROM `airports`   ORDER BY pid LIMIT 100 OFFSET 7900
  Rendered airports/index.html.erb within layouts/application (133.6ms)
Completed 200 OK in 256ms (Views: 240.0ms | ActiveRecord: 13.5ms)


Started GET "/airports?page=77" for 109.188.125.198 at 2014-10-13 14:02:41 -0400
Processing by AirportsController#index as HTML
  Parameters: {"page"=>"77"}
  [1m[36m (0.3ms)[0m  [1mSELECT COUNT(*) FROM `airports`[0m
  [1m[35mAirport Load (6.0ms)[0m  SELECT  `airports`.* FROM `airports`   ORDER BY pid LIMIT 100 OFFSET 7600
  Rendered airports/index.html.erb within layouts/application (114.5ms)
Completed 200 OK in 181ms (Views: 172.7ms | ActiveRecord: 6.3ms)


Started GET "/airports?page=78" for 109.188.125.198 at 2014-10-13 14:03:16 -0400
Processing by AirportsController#index as HTML
  Parameters: {"page"=>"78"}
  [1m[36m (0.3ms)[0m  [1mSELECT COUNT(*) FROM `airports`[0m
  [1m[35mAirport Load (0.3ms)[0m  SELECT  `airports`.* FROM `airports`   ORDER BY pid LIMIT 100 OFFSET 7700
  Rendered airports/index.html.erb within layouts/application (121.5ms)
Completed 200 OK in 342ms (Views: 338.9ms | ActiveRecord: 0.7ms)


Started GET "/airports?page=75" for 109.188.125.198 at 2014-10-13 14:03:19 -0400
Processing by AirportsController#index as HTML
  Parameters: {"page"=>"75"}
  [1m[36m (0.4ms)[0m  [1mSELECT COUNT(*) FROM `airports`[0m
  [1m[35mAirport Load (6.1ms)[0m  SELECT  `airports`.* FROM `airports`   ORDER BY pid LIMIT 100 OFFSET 7400
  Rendered airports/index.html.erb within layouts/application (77.1ms)
Completed 200 OK in 148ms (Views: 139.0ms | ActiveRecord: 6.4ms)
